<?xml version="1.0" encoding="UTF-8"?>
<testng-results ignored="0" total="2" passed="2" failed="0" skipped="0">
  <reporter-output>
    <line>
      <![CDATA[createcustomer]]>
    </line>
    <line>
      <![CDATA[deletecustomer]]>
    </line>
  </reporter-output>
  <suite started-at="2023-08-26T12:55:30 IST" name="Default suite" finished-at="2023-08-26T12:55:30 IST" duration-ms="145">
    <groups>
    </groups>
    <test started-at="2023-08-26T12:55:30 IST" name="Default test" finished-at="2023-08-26T12:55:30 IST" duration-ms="145">
      <class name="com.actitime.test.CustomerModule">
        <test-method signature="createCustomer()[pri:0, instance:com.actitime.test.CustomerModule@8dbdac1]" started-at="2023-08-26T12:55:30 IST" name="createCustomer" finished-at="2023-08-26T12:55:30 IST" duration-ms="25" status="PASS">
          <reporter-output>
            <line>
              <![CDATA[createcustomer]]>
            </line>
          </reporter-output>
        </test-method> <!-- createCustomer -->
        <test-method signature="deleteCustomer()[pri:0, instance:com.actitime.test.CustomerModule@8dbdac1]" started-at="2023-08-26T12:55:30 IST" name="deleteCustomer" finished-at="2023-08-26T12:55:30 IST" duration-ms="7" status="PASS">
          <reporter-output>
            <line>
              <![CDATA[deletecustomer]]>
            </line>
          </reporter-output>
        </test-method> <!-- deleteCustomer -->
      </class> <!-- com.actitime.test.CustomerModule -->
    </test> <!-- Default test -->
  </suite> <!-- Default suite -->
</testng-results>
